C51 COMPILER V9.01   DS1302                                                                04/14/2019 14:58:04 PAGE 1   


C51 COMPILER V9.01, COMPILATION OF MODULE DS1302
OBJECT MODULE PLACED IN ds1302.obj
COMPILER INVOKED BY: E:\keil4\C51\BIN\C51.EXE drv\ds1302.c BROWSE INCDIR(.\drv) DEBUG OBJECTEXTEND PRINT(.\ds1302.lst) T
                    -ABS(2) OBJECT(ds1302.obj)

line level    source

   1          #include "ds1302.h"
   2          sbit Led = P1^0;
   3          /********************************************************************/ 
   4          /*单字节写入一字节数据*/
   5          void Write_Ds1302_Byte(unsigned char dat) 
   6          {
   7   1        unsigned char i;
   8   1        SCK = 0;
   9   1        for (i=0;i<8;i++) 
  10   1        { 
  11   2          if (dat & 0x01)   // 等价于if((addr & 0x01) ==1) 
  12   2          {
  13   3            SDA_SET;    //#define SDA_SET SDA=1 /*电平置高*/
  14   3          }
  15   2          else 
  16   2          {
  17   3            SDA_CLR;    //#define SDA_CLR SDA=0 /*电平置低*/
  18   3          }    
  19   2          SCK_SET;
  20   2          SCK_CLR;    
  21   2          dat = dat >> 1; 
  22   2        } 
  23   1      }
  24          /********************************************************************/ 
  25          /*单字节读出一字节数据*/
  26          unsigned char Read_Ds1302_Byte(void) 
  27          {
  28   1        unsigned char i, dat=0; 
  29   1        for (i=0;i<8;i++)
  30   1        { 
  31   2          dat = dat >> 1;
  32   2          if (SDA_R)    //等价于if(SDA_R==1)    #define SDA_R SDA /*电平读取*/  
  33   2          {
  34   3            dat |= 0x80;
  35   3          }
  36   2          else 
  37   2          {
  38   3            dat &= 0x7F;
  39   3          }
  40   2          SCK_SET;
  41   2          SCK_CLR;
  42   2        }
  43   1        return dat;
  44   1      }
  45          
  46          /********************************************************************/ 
  47          /*向DS1302 单字节写入一字节数据*/
  48          void Ds1302_Single_Byte_Write(unsigned char addr, unsigned char dat)
  49          { 
  50   1        unsigned char temp = 0;
  51   1        RST_CLR;      /*RST脚置低，实现DS1302的初始化*/
  52   1        SCK_CLR;      /*SCK脚置低，实现DS1302的初始化*/
  53   1      
  54   1        RST_SET;      /*启动DS1302总线,RST=1电平置高 */
C51 COMPILER V9.01   DS1302                                                                04/14/2019 14:58:04 PAGE 2   

  55   1        addr = addr & 0xFE;  
  56   1        Write_Ds1302_Byte(addr); /*写入目标地址：addr,保证是写操作,写之前将最低位置零*/ 
  57   1        temp = ((dat/10)<<4)|(dat%10);
  58   1        Write_Ds1302_Byte(temp);   /*写入数据：dat*/
  59   1        SDA_CLR;
  60   1        RST_CLR;         /*停止DS1302总线*/
  61   1      }
  62          
  63          /********************************************************************/ 
  64          /*从DS1302单字节读出一字节数据*/
  65          unsigned char Ds1302_Single_Byte_Read(unsigned char addr) 
  66          { 
  67   1        unsigned char temp;
  68   1        unsigned char date;
  69   1        RST_CLR;      /*RST脚置低，实现DS1302的初始化*/
  70   1        SCK_CLR;      /*SCK脚置低，实现DS1302的初始化*/
  71   1      
  72   1        RST_SET;  /*启动DS1302总线,RST=1电平置高 */ 
  73   1        addr = addr | 0x01;  
  74   1        Write_Ds1302_Byte(addr); /*写入目标地址：addr,保证是读操作,写之前将最低位置高*/
  75   1        temp=Read_Ds1302_Byte(); /*从DS1302中读出一个字节的数据*/   
  76   1        date = ((temp>>4)*10) + (temp&0x0f);
  77   1        SDA_CLR;
  78   1        RST_CLR;  /*停止DS1302总线*/
  79   1        return date;
  80   1      }
  81          
  82          void Ds1302_Date_set(unsigned char* Date)
  83          {
  84   1        Ds1302_Single_Byte_Write(0x8e, 0x00);
  85   1        Ds1302_Single_Byte_Write(ds1302_date_addr, Date[2]);
  86   1        Ds1302_Single_Byte_Write(ds1302_month_addr, Date[1]);
  87   1        Ds1302_Single_Byte_Write(ds1302_year_addr, Date[0]);
  88   1        Ds1302_Single_Byte_Write(0x8e, 0x80);
  89   1      }
  90          
  91          void Ds1302_time_set(unsigned char* time)
  92          {
  93   1        Ds1302_Single_Byte_Write(0x8e, 0x00);
  94   1        Ds1302_Single_Byte_Write(ds1302_sec_addr, time[2]);
  95   1        Ds1302_Single_Byte_Write(ds1302_min_addr, time[1]);
  96   1        Ds1302_Single_Byte_Write(ds1302_hr_addr, time[0]);
  97   1        Ds1302_Single_Byte_Write(0x8e, 0x80);
  98   1      }
  99          
 100          void Ds1302_time_read(unsigned char* date)
 101          {
 102   1      //  Ds1302_Single_Byte_Write(0x8e, 0x00);
 103   1        date[0] = Ds1302_Single_Byte_Read(ds1302_hr_addr);
 104   1        date[1] = Ds1302_Single_Byte_Read(ds1302_min_addr);
 105   1        date[2] = Ds1302_Single_Byte_Read(ds1302_sec_addr);
 106   1      //  Ds1302_Single_Byte_Write(0x8e, 0x80);
 107   1      }
 108          
 109          void Ds1302_Date_read(unsigned char* date)
 110          {
 111   1        date[0] = Ds1302_Single_Byte_Read(ds1302_year_addr);
 112   1        date[1] = Ds1302_Single_Byte_Read(ds1302_month_addr);
 113   1        date[2] = Ds1302_Single_Byte_Read(ds1302_date_addr);
 114   1      }


C51 COMPILER V9.01   DS1302                                                                04/14/2019 14:58:04 PAGE 3   

MODULE INFORMATION:   STATIC OVERLAYABLE
   CODE SIZE        =    290    ----
   CONSTANT SIZE    =   ----    ----
   XDATA SIZE       =   ----    ----
   PDATA SIZE       =   ----    ----
   DATA SIZE        =   ----    ----
   IDATA SIZE       =   ----    ----
   BIT SIZE         =   ----    ----
END OF MODULE INFORMATION.


C51 COMPILATION COMPLETE.  0 WARNING(S),  0 ERROR(S)
