C51 COMPILER V9.01   HX711DRV                                                              04/14/2019 14:38:53 PAGE 1   


C51 COMPILER V9.01, COMPILATION OF MODULE HX711DRV
OBJECT MODULE PLACED IN HX711Drv.OBJ
COMPILER INVOKED BY: E:\keil4\C51\BIN\C51.EXE HX711Drv.c BROWSE INCDIR(.\drv) DEBUG OBJECTEXTEND TABS(2)

line level    source

   1          #include "HX711Drv.h"
   2          
   3          #define GapValue 437
   4          sbit Buzzer = P2^3;
   5          sbit LED = P1^0;
   6          
   7          unsigned long HX711_Buffer = 0;
   8          unsigned long Weight_Maopi = 0;
   9          long Weight_Shiwu = 0;
  10          
  11          
  12          void Delay__hx711_us(void)
  13          {
  14   1        _nop_();
  15   1        _nop_();
  16   1      }
  17          
  18          unsigned long HX711_Read(void)  //增益128
  19          {
  20   1        unsigned long count; 
  21   1        unsigned char i; 
  22   1        HX711_DOUT=1; 
  23   1        Delay__hx711_us();
  24   1          HX711_SCK=0; 
  25   1        count = 0;
  26   1          while(HX711_DOUT); 
  27   1          for(i=0;i<24;i++)
  28   1        { 
  29   2          HX711_SCK=1; 
  30   2            count=count<<1; 
  31   2          HX711_SCK=0; 
  32   2            if(HX711_DOUT)
  33   2            count++; 
  34   2        } 
  35   1        HX711_SCK=1; 
  36   1          count=count^0x800000;//第25个脉冲下降沿来时，转换数据
  37   1          Delay__hx711_us();
  38   1        HX711_SCK=0;  
  39   1        return(count);
  40   1      }
  41          
  42          
  43          
  44          
  45          //****************************************************
  46          //称重
  47          //****************************************************
  48          void Get_Weight()
  49          {
  50   1        Weight_Shiwu = HX711_Read();
  51   1        Weight_Shiwu = Weight_Shiwu - Weight_Maopi;   //获取净重
  52   1        if(Weight_Shiwu > 0)      
  53   1        { 
  54   2          Weight_Shiwu = (unsigned int)((float)Weight_Shiwu/GapValue);  //计算实物的实际重量
  55   2        }
C51 COMPILER V9.01   HX711DRV                                                              04/14/2019 14:38:53 PAGE 2   

  56   1        else
  57   1        {
  58   2          Weight_Shiwu = 0;
  59   2        }
  60   1        
  61   1      }
  62          
  63          //****************************************************
  64          //获取毛皮重量
  65          //****************************************************
  66          void Get_Maopi()
  67          {
  68   1        Weight_Maopi = HX711_Read();  
  69   1      } 
  70          
  71          //****************************************************
  72          //MS延时函数(12M晶振下测试)
  73          //****************************************************
  74          void Delay_ms(unsigned int n)
  75          {
  76   1        unsigned int  i,j;
  77   1        for(i=0;i<n;i++)
  78   1          for(j=0;j<123;j++);
  79   1      }
  80          


MODULE INFORMATION:   STATIC OVERLAYABLE
   CODE SIZE        =    206    ----
   CONSTANT SIZE    =   ----    ----
   XDATA SIZE       =   ----    ----
   PDATA SIZE       =   ----    ----
   DATA SIZE        =     12    ----
   IDATA SIZE       =   ----    ----
   BIT SIZE         =   ----    ----
END OF MODULE INFORMATION.


C51 COMPILATION COMPLETE.  0 WARNING(S),  0 ERROR(S)
