C51 COMPILER V9.01   IIC                                                                   04/14/2019 14:38:53 PAGE 1   


C51 COMPILER V9.01, COMPILATION OF MODULE IIC
OBJECT MODULE PLACED IN iic.obj
COMPILER INVOKED BY: E:\keil4\C51\BIN\C51.EXE drv\iic.c BROWSE INCDIR(.\drv) DEBUG OBJECTEXTEND PRINT(.\iic.lst) TABS(2)
                    - OBJECT(iic.obj)

line level    source

   1          /*
   2            程序说明: IIC总线驱动程序
   3            软件环境: Keil uVision 4.10 
   4            硬件环境: CT107单片机综合实训平台(12MHz)
   5            日    期: 2011-8-9
   6          */
   7          
   8          #include "iic.h"
   9          
  10          void Delay_iic()
  11          {
  12   1        unsigned char i;
  13   1      
  14   1        _nop_();
  15   1        _nop_();
  16   1        i = 9;
  17   1        while (--i);
  18   1      }
  19          
  20          //总线启动条件
  21          void IIC_Start(void)
  22          {
  23   1        SDA = 1;
  24   1        SCL = 1;
  25   1        Delay_iic();
  26   1        SDA = 0;
  27   1        Delay_iic();
  28   1        SCL = 0;  
  29   1      }
  30          
  31          //总线停止条件
  32          void IIC_Stop(void)
  33          {
  34   1        SDA = 0;
  35   1        SCL = 1;
  36   1        Delay_iic();
  37   1        SDA = 1;
  38   1      }
  39          
  40          ////应答位控制
  41          //void IIC_Ack(unsigned char ackbit)
  42          //{
  43          //  if(ackbit) 
  44          //  { 
  45          //    SDA = 0;
  46          //  }
  47          //  else 
  48          //  {
  49          //    SDA = 1;
  50          //  }
  51          //  Delay_iic()
  52          //  SCL = 1;
  53          //  Delay_iic()
  54          //  SCL = 0;
C51 COMPILER V9.01   IIC                                                                   04/14/2019 14:38:53 PAGE 2   

  55          //  SDA = 1; 
  56          //  Delay_iic()
  57          //}
  58          
  59          //等待应答
  60          bit IIC_WaitAck(void)
  61          {
  62   1        SDA = 1;
  63   1        Delay_iic();
  64   1        SCL = 1;
  65   1        Delay_iic();
  66   1        if(SDA)    
  67   1        {   
  68   2          SCL = 0;
  69   2          IIC_Stop();
  70   2          return 0;
  71   2        }
  72   1        else  
  73   1        { 
  74   2          SCL = 0;
  75   2          return 1;
  76   2        }
  77   1      }
  78          
  79          //通过I2C总线发送数据
  80          void IIC_SendByte(unsigned char byt)
  81          {
  82   1        unsigned char i;
  83   1        for(i=0;i<8;i++)
  84   1        {   
  85   2          if(byt&0x80) 
  86   2          { 
  87   3            SDA = 1;
  88   3          }
  89   2          else 
  90   2          {
  91   3            SDA = 0;
  92   3          }
  93   2          Delay_iic();
  94   2          SCL = 1;
  95   2          byt <<= 1;
  96   2          Delay_iic();
  97   2          SCL = 0;
  98   2        }
  99   1      }
 100          
 101          //从I2C总线上接收数据
 102          unsigned char IIC_RecByte(void)
 103          {
 104   1        unsigned char da;
 105   1        unsigned char i;
 106   1        
 107   1        for(i=0;i<8;i++)
 108   1        {   
 109   2          SCL = 1;
 110   2          Delay_iic();
 111   2          da <<= 1;
 112   2          if(SDA) 
 113   2          da |= 0x01;
 114   2          SCL = 0;
 115   2          Delay_iic();
 116   2        }
C51 COMPILER V9.01   IIC                                                                   04/14/2019 14:38:53 PAGE 3   

 117   1        return da;
 118   1      }
 119          
 120          void Write_2402(unsigned char addr,unsigned char dat)
 121          {
 122   1        IIC_Start();
 123   1        IIC_SendByte(0xa0);
 124   1        IIC_WaitAck();
 125   1        IIC_SendByte(addr);
 126   1        IIC_WaitAck();
 127   1        IIC_SendByte(dat);
 128   1        IIC_WaitAck();
 129   1        IIC_Stop(); 
 130   1      }
 131          
 132          unsigned char Read_2402(unsigned char addr)
 133          {
 134   1        unsigned char temp;
 135   1        IIC_Start();
 136   1        IIC_SendByte(0xa0);
 137   1        IIC_WaitAck();
 138   1        IIC_SendByte(addr);
 139   1        IIC_WaitAck();
 140   1        IIC_Stop();
 141   1      
 142   1        IIC_Start();
 143   1        IIC_SendByte(0xa1);
 144   1        IIC_WaitAck();
 145   1        temp=IIC_RecByte();
 146   1        IIC_Stop(); 
 147   1      
 148   1        return temp;
 149   1      }
 150          


MODULE INFORMATION:   STATIC OVERLAYABLE
   CODE SIZE        =    187    ----
   CONSTANT SIZE    =   ----    ----
   XDATA SIZE       =   ----    ----
   PDATA SIZE       =   ----    ----
   DATA SIZE        =   ----    ----
   IDATA SIZE       =   ----    ----
   BIT SIZE         =   ----    ----
END OF MODULE INFORMATION.


C51 COMPILATION COMPLETE.  0 WARNING(S),  0 ERROR(S)
