C51 COMPILER V9.01   LCD12864                                                              04/21/2019 20:21:18 PAGE 1   


C51 COMPILER V9.01, COMPILATION OF MODULE LCD12864
OBJECT MODULE PLACED IN lcd12864.OBJ
COMPILER INVOKED BY: E:\keil4\C51\BIN\C51.EXE lcd12864.c BROWSE INCDIR(.\drv) DEBUG OBJECTEXTEND TABS(2)

line level    source

   1          #include "lcd12864.h"
   2          
   3          #define delayNOP(); {_nop_();_nop_();_nop_();_nop_();};
   4          
   5          /*******************************************************************/
   6          /*                                                                 */
   7          /*  延时函数                                                       */
   8          /*                                                                 */
   9          /*******************************************************************/
  10          void delay(int ms)
  11          {
  12   1          while(ms--)
  13   1        {
  14   2            uchar i;
  15   2          for(i=0;i<250;i++)  
  16   2           {
  17   3            _nop_();         
  18   3          _nop_();
  19   3          _nop_();
  20   3          _nop_();
  21   3           }
  22   2        }
  23   1      }   
  24          
  25          
  26          /*********************************************************/
  27          /*                             */
  28          /* 延时x*0.14ms子程序                  */
  29          /*                                                       */
  30          /*********************************************************/
  31          
  32          
  33          
  34          ///*******************************************************************/
  35          ///*                                                                 */
  36          ///*检查LCD忙状态                                                    */
  37          ///*lcd_busy为1时，忙，等待。lcd-busy为0时,闲，可写指令与数据。      */
  38          ///*                                                                 */
  39          ///*******************************************************************/
  40          //bit lcd_busy()
  41          // {                          
  42          //    bit result;
  43          //    LCD_RS = 0;
  44          //    LCD_RW = 1;
  45          //    LCD_EN = 1;
  46          //    delayNOP();
  47          //    result = (bit)(P0&0x80);
  48          //    LCD_EN = 0;
  49          //    return(result); 
  50          // }
  51          /*******************************************************************/
  52          /*                                                                 */
  53          /*写指令数据到LCD                                                  */
  54          /*RS=L，RW=L，E=高脉冲，D0-D7=指令码。                             */
  55          /*                                                                 */
C51 COMPILER V9.01   LCD12864                                                              04/21/2019 20:21:18 PAGE 2   

  56          /*******************************************************************/
  57          void lcd_wcmd(uchar cmd)
  58          {                          
  59   1      //   while(lcd_busy());
  60   1          LCD_RS = 0;
  61   1          LCD_RW = 0;
  62   1          LCD_EN = 0;
  63   1          _nop_();
  64   1          _nop_(); 
  65   1          P0 = cmd;
  66   1          delayNOP();
  67   1          LCD_EN = 1;
  68   1          delayNOP();
  69   1          LCD_EN = 0;  
  70   1      }
  71          /*******************************************************************/
  72          /*                                                                 */
  73          /*写显示数据到LCD                                                  */
  74          /*RS=H，RW=L，E=高脉冲，D0-D7=数据。                               */
  75          /*                                                                 */
  76          /*******************************************************************/
  77          void lcd_wdat(uchar dat)
  78          {                          
  79   1      //   while(lcd_busy());
  80   1          LCD_RS = 1;
  81   1          LCD_RW = 0;
  82   1          LCD_EN = 0;
  83   1          P0 = dat;
  84   1          delayNOP();
  85   1          LCD_EN = 1;
  86   1          delayNOP();
  87   1          LCD_EN = 0; 
  88   1      }
  89          
  90          /*********************************************************/
  91          /*                                                       */
  92          /* 设定显示位置                                          */
  93          /*                                                       */
  94          /*********************************************************/
  95          void lcd_pos(uchar X,uchar Y)
  96          {                          
  97   1         uchar  pos;
  98   1         if (X==0)
  99   1           {X=0x80;}
 100   1         else if (X==1)
 101   1           {X=0x90;}
 102   1         else if (X==2)
 103   1           {X=0x88;}
 104   1         else if (X==3)
 105   1           {X=0x98;}
 106   1         pos = X+Y ;  
 107   1         lcd_wcmd(pos);     //显示地址
 108   1            delayNOP();
 109   1        delayNOP();
 110   1        delayNOP();
 111   1      }
 112          
 113          
 114          /*******************************************************************/
 115          /*                                                                 */
 116          /*  LCD初始化设定                                                  */
 117          /*                                                                 */
C51 COMPILER V9.01   LCD12864                                                              04/21/2019 20:21:18 PAGE 3   

 118          /*******************************************************************/
 119          void lcd_init()
 120          { 
 121   1      
 122   1          LCD_PSB = 1;         //并口方式
 123   1          
 124   1          lcd_wcmd(0x34);      //扩充指令操作
 125   1          delay(5);
 126   1          lcd_wcmd(0x30);      //基本指令操作
 127   1          delay(5);
 128   1          lcd_wcmd(0x0C);      //显示开，关光标
 129   1          delay(5);
 130   1          lcd_wcmd(0x01);      //清除LCD的显示内容
 131   1          delay(5);
 132   1      }
 133          
 134          void DisplayString(uchar x, uchar y, uchar* String)
 135          {
 136   1        lcd_pos(x,y);
 137   1        while( *String != '\0')
 138   1        {
 139   2          lcd_wdat(*String);
 140   2          delay(1);       //应为没有读忙函数，所以延时需要久一点
 141   2          String++;
 142   2        }
 143   1      }


MODULE INFORMATION:   STATIC OVERLAYABLE
   CODE SIZE        =    183    ----
   CONSTANT SIZE    =   ----    ----
   XDATA SIZE       =   ----    ----
   PDATA SIZE       =   ----    ----
   DATA SIZE        =   ----       1
   IDATA SIZE       =   ----    ----
   BIT SIZE         =   ----    ----
END OF MODULE INFORMATION.


C51 COMPILATION COMPLETE.  0 WARNING(S),  0 ERROR(S)
